Analyzing kiosk-updates-main...                                 

warning - Unused import: 'dart:io' - lib\app.dart:1:8 - unused_import
   info - Don't invoke 'print' in production code - lib\main.dart:61:3 - avoid_print
   info - Don't invoke 'print' in production code - lib\main.dart:65:5 - avoid_print
   info - 'withOpacity' is deprecated and shouldn't be used. Use .withValues() to avoid precision loss - lib\screens\afisha_screen.dart:132:47 - deprecated_member_use
   info - 'withOpacity' is deprecated and shouldn't be used. Use .withValues() to avoid precision loss - lib\screens\afisha_screen.dart:135:49 - deprecated_member_use
   info - 'withOpacity' is deprecated and shouldn't be used. Use .withValues() to avoid precision loss - lib\screens\afisha_screen.dart:385:45 - deprecated_member_use
   info - 'withOpacity' is deprecated and shouldn't be used. Use .withValues() to avoid precision loss - lib\screens\afisha_screen.dart:388:47 - deprecated_member_use
   info - 'withOpacity' is deprecated and shouldn't be used. Use .withValues() to avoid precision loss - lib\screens\contacts_screen.dart:41:46 - deprecated_member_use
   info - 'withOpacity' is deprecated and shouldn't be used. Use .withValues() to avoid precision loss - lib\screens\contacts_screen.dart:72:52 - deprecated_member_use
   info - 'withOpacity' is deprecated and shouldn't be used. Use .withValues() to avoid precision loss - lib\screens\contacts_screen.dart:151:47 - deprecated_member_use
   info - 'withOpacity' is deprecated and shouldn't be used. Use .withValues() to avoid precision loss - lib\screens\contacts_screen.dart:154:49 - deprecated_member_use
   info - 'withOpacity' is deprecated and shouldn't be used. Use .withValues() to avoid precision loss - lib\screens\contacts_screen.dart:257:33 - deprecated_member_use
   info - 'withOpacity' is deprecated and shouldn't be used. Use .withValues() to avoid precision loss - lib\screens\gallery_screen.dart:133:47 - deprecated_member_use
   info - 'withOpacity' is deprecated and shouldn't be used. Use .withValues() to avoid precision loss - lib\screens\gallery_screen.dart:136:49 - deprecated_member_use
   info - The private field _currentIndex could be 'final' - lib\screens\gallery_screen.dart:264:7 - prefer_final_fields
warning - The value of the field '_currentIndex' isn't used - lib\screens\gallery_screen.dart:264:7 - unused_field
   info - 'withOpacity' is deprecated and shouldn't be used. Use .withValues() to avoid precision loss - lib\screens\gallery_screen.dart:391:47 - deprecated_member_use
   info - 'withOpacity' is deprecated and shouldn't be used. Use .withValues() to avoid precision loss - lib\screens\gallery_screen.dart:394:49 - deprecated_member_use
   info - 'withOpacity' is deprecated and shouldn't be used. Use .withValues() to avoid precision loss - lib\screens\gallery_screen.dart:492:45 - deprecated_member_use
   info - 'withOpacity' is deprecated and shouldn't be used. Use .withValues() to avoid precision loss - lib\screens\gallery_screen.dart:495:47 - deprecated_member_use
   info - Don't invoke 'print' in production code - lib\screens\gallery_screen.dart:561:5 - avoid_print
   info - Don't invoke 'print' in production code - lib\screens\gallery_screen.dart:562:5 - avoid_print
   info - Don't invoke 'print' in production code - lib\screens\gallery_screen.dart:566:5 - avoid_print
   info - Don't invoke 'print' in production code - lib\screens\gallery_screen.dart:569:7 - avoid_print
   info - Don't invoke 'print' in production code - lib\screens\gallery_screen.dart:583:11 - avoid_print
   info - Don't invoke 'print' in production code - lib\screens\gallery_screen.dart:586:9 - avoid_print
   info - Statements in an if should be enclosed in a block - lib\screens\gallery_screen.dart:587:22 - curly_braces_in_flow_control_structures
   info - Don't invoke 'print' in production code - lib\screens\home_screen.dart:62:5 - avoid_print
   info - Don't invoke 'print' in production code - lib\screens\home_screen.dart:65:7 - avoid_print
   info - Don't invoke 'print' in production code - lib\screens\home_screen.dart:68:11 - avoid_print
   info - Don't invoke 'print' in production code - lib\screens\home_screen.dart:116:5 - avoid_print
   info - Don't invoke 'print' in production code - lib\screens\home_screen.dart:120:7 - avoid_print
   info - Don't invoke 'print' in production code - lib\screens\home_screen.dart:129:9 - avoid_print
   info - Don't invoke 'print' in production code - lib\screens\home_screen.dart:140:9 - avoid_print
   info - Don't invoke 'print' in production code - lib\screens\home_screen.dart:149:5 - avoid_print
   info - Don't invoke 'print' in production code - lib\screens\home_screen.dart:151:7 - avoid_print
   info - Don't invoke 'print' in production code - lib\screens\home_screen.dart:158:7 - avoid_print
   info - Don't use 'BuildContext's across async gaps - lib\screens\home_screen.dart:180:9 - use_build_context_synchronously
   info - Don't invoke 'print' in production code - lib\screens\home_screen.dart:235:9 - avoid_print
   info - Don't use 'BuildContext's across async gaps - lib\screens\home_screen.dart:242:7 - use_build_context_synchronously
   info - 'withOpacity' is deprecated and shouldn't be used. Use .withValues() to avoid precision loss - lib\screens\home_screen.dart:361:64 - deprecated_member_use
   info - 'withOpacity' is deprecated and shouldn't be used. Use .withValues() to avoid precision loss - lib\screens\home_screen.dart:362:83 - deprecated_member_use
   info - 'withOpacity' is deprecated and shouldn't be used. Use .withValues() to avoid precision loss - lib\screens\home_screen.dart:377:64 - deprecated_member_use
   info - 'withOpacity' is deprecated and shouldn't be used. Use .withValues() to avoid precision loss - lib\screens\home_screen.dart:378:83 - deprecated_member_use
   info - 'withOpacity' is deprecated and shouldn't be used. Use .withValues() to avoid precision loss - lib\screens\home_screen.dart:405:41 - deprecated_member_use
   info - 'withOpacity' is deprecated and shouldn't be used. Use .withValues() to avoid precision loss - lib\screens\home_screen.dart:414:41 - deprecated_member_use
   info - 'withOpacity' is deprecated and shouldn't be used. Use .withValues() to avoid precision loss - lib\screens\kruzhki_screen.dart:131:47 - deprecated_member_use
   info - 'withOpacity' is deprecated and shouldn't be used. Use .withValues() to avoid precision loss - lib\screens\kruzhki_screen.dart:134:49 - deprecated_member_use
   info - 'withOpacity' is deprecated and shouldn't be used. Use .withValues() to avoid precision loss - lib\screens\kruzhki_screen.dart:468:45 - deprecated_member_use
   info - 'withOpacity' is deprecated and shouldn't be used. Use .withValues() to avoid precision loss - lib\screens\kruzhki_screen.dart:471:47 - deprecated_member_use
   info - 'withOpacity' is deprecated and shouldn't be used. Use .withValues() to avoid precision loss - lib\screens\screensaver_screen.dart:63:52 - deprecated_member_use
   info - 'withOpacity' is deprecated and shouldn't be used. Use .withValues() to avoid precision loss - lib\screens\slideshow_screen.dart:161:41 - deprecated_member_use
   info - Don't invoke 'print' in production code - lib\screens\tabs\afisha_tab.dart:41:5 - avoid_print
   info - Don't invoke 'print' in production code - lib\screens\tabs\afisha_tab.dart:43:7 - avoid_print
   info - Don't invoke 'print' in production code - lib\screens\tabs\afisha_tab.dart:49:7 - avoid_print
   info - Don't invoke 'print' in production code - lib\screens\tabs\afisha_tab.dart:51:9 - avoid_print
   info - Don't invoke 'print' in production code - lib\screens\tabs\afisha_tab.dart:56:9 - avoid_print
   info - Don't invoke 'print' in production code - lib\screens\tabs\afisha_tab.dart:59:7 - avoid_print
   info - Don't invoke 'print' in production code - lib\screens\tabs\afisha_tab.dart:79:5 - avoid_print
   info - Don't invoke 'print' in production code - lib\screens\tabs\afisha_tab.dart:82:7 - avoid_print
   info - Don't invoke 'print' in production code - lib\screens\tabs\afisha_tab.dart:87:5 - avoid_print
   info - Don't invoke 'print' in production code - lib\screens\tabs\afisha_tab.dart:102:9 - avoid_print
   info - Don't invoke 'print' in production code - lib\screens\tabs\afisha_tab.dart:104:9 - avoid_print
   info - Don't invoke 'print' in production code - lib\screens\tabs\afisha_tab.dart:118:7 - avoid_print
   info - Don't invoke 'print' in production code - lib\screens\tabs\afisha_tab.dart:126:7 - avoid_print
   info - Don't invoke 'print' in production code - lib\screens\tabs\afisha_tab.dart:132:7 - avoid_print
   info - Don't invoke 'print' in production code - lib\screens\tabs\afisha_tab.dart:174:5 - avoid_print
   info - Don't invoke 'print' in production code - lib\screens\tabs\afisha_tab.dart:252:23 - avoid_print
   info - 'activeColor' is deprecated and shouldn't be used. Use activeThumbColor instead. This feature was deprecated after v3.31.0-2.0.pre - lib\screens\tabs\afisha_tab.dart:514:43 - deprecated_member_use
   info - 'activeColor' is deprecated and shouldn't be used. Use activeThumbColor instead. This feature was deprecated after v3.31.0-2.0.pre - lib\screens\tabs\gallery_tab.dart:422:33 - deprecated_member_use
warning - The '!' will have no effect because the receiver can't be null - lib\screens\tabs\kruzhki_tab.dart:102:51 - unnecessary_non_null_assertion
   info - 'activeColor' is deprecated and shouldn't be used. Use activeThumbColor instead. This feature was deprecated after v3.31.0-2.0.pre - lib\screens\tabs\kruzhki_tab.dart:523:43 - deprecated_member_use
warning - The value of the field '_latestVersion' isn't used - lib\screens\tabs\settings_tab.dart:24:11 - unused_field
   info - Don't invoke 'print' in production code - lib\screens\tabs\settings_tab.dart:103:7 - avoid_print
   info - 'activeColor' is deprecated and shouldn't be used. Use activeThumbColor instead. This feature was deprecated after v3.31.0-2.0.pre - lib\screens\tabs\settings_tab.dart:461:23 - deprecated_member_use
   info - Don't invoke 'print' in production code - lib\services\data_service.dart:87:7 - avoid_print
   info - Don't invoke 'print' in production code - lib\services\data_service.dart:101:7 - avoid_print
   info - Don't invoke 'print' in production code - lib\services\data_service.dart:137:7 - avoid_print
   info - Don't invoke 'print' in production code - lib\services\data_service.dart:149:7 - avoid_print
   info - Don't invoke 'print' in production code - lib\services\data_service.dart:192:7 - avoid_print
   info - Don't invoke 'print' in production code - lib\services\data_service.dart:204:7 - avoid_print
   info - Don't invoke 'print' in production code - lib\services\settings_service.dart:66:7 - avoid_print
   info - Don't invoke 'print' in production code - lib\services\settings_service.dart:79:7 - avoid_print
   info - Don't invoke 'print' in production code - lib\services\update_service.dart:61:7 - avoid_print
   info - Don't invoke 'print' in production code - lib\services\update_service.dart:124:7 - avoid_print
warning - The value of the field '_currentPage' isn't used - lib\widgets\afisha_carousel.dart:17:7 - unused_field
   info - 'withOpacity' is deprecated and shouldn't be used. Use .withValues() to avoid precision loss - lib\widgets\menu_button.dart:59:40 - deprecated_member_use
   info - 'withOpacity' is deprecated and shouldn't be used. Use .withValues() to avoid precision loss - lib\widgets\menu_button.dart:60:41 - deprecated_member_use
   info - 'withOpacity' is deprecated and shouldn't be used. Use .withValues() to avoid precision loss - lib\widgets\menu_button.dart:65:44 - deprecated_member_use
   info - 'withOpacity' is deprecated and shouldn't be used. Use .withValues() to avoid precision loss - lib\widgets\menu_button.dart:71:45 - deprecated_member_use
   info - 'withOpacity' is deprecated and shouldn't be used. Use .withValues() to avoid precision loss - lib\widgets\menu_button.dart:84:41 - deprecated_member_use
   info - 'withOpacity' is deprecated and shouldn't be used. Use .withValues() to avoid precision loss - lib\widgets\menu_button.dart:92:43 - deprecated_member_use

