Flutter crash report.
Please report a bug at https://github.com/flutter/flutter/issues.

## command

flutter assemble --no-version-check --output=build -dTargetPlatform=windows-x64 -dTrackWidgetCreation=true -dBuildMode=debug -dTargetFile=C:\kiosk-updates\lib\main.dart -dTreeShakeIcons="false" -dDartObfuscation=false --DartDefines=RkxVVFRFUl9WRVJTSU9OPTMuNDEuNQ==,RkxVVFRFUl9DSEFOTkVMPXN0YWJsZQ==,RkxVVFRFUl9HSVRfVVJMPWh0dHBzOi8vZ2l0aHViLmNvbS9mbHV0dGVyL2ZsdXR0ZXIuZ2l0,RkxVVFRFUl9GUkFNRVdPUktfUkVWSVNJT049MmM5ZWIyMDczOQ==,RkxVVFRFUl9FTkdJTkVfUkVWSVNJT049MDUyZjMxZDExNQ==,RkxVVFRFUl9EQVJUX1ZFUlNJT049My4xMS4z debug_bundle_windows-x64_assets

## exception

PathAccessException: PathAccessException: Cannot delete file, path = 'c:\kiosk-updates\windows\flutter\ephemeral\cpp_client_wrapper\standard_codec.cc' (OS Error: Процесс не может получить доступ к файлу, так как этот файл занят другим процессом, errno = 32)

```
#0      _File.throwIfError (dart:io/file_impl.dart:779:7)
#1      _File._deleteSync (dart:io/file_impl.dart:364:5)
#2      FileSystemEntity.deleteSync (dart:io/file_system_entity.dart:425:7)
#3      ForwardingFileSystemEntity.deleteSync (package:file/src/forwarding/forwarding_file_system_entity.dart:70:16)
#4      ForwardingFileSystemEntity.deleteSync (package:file/src/forwarding/forwarding_file_system_entity.dart:70:16)
#5      ErrorHandlingFileSystem.deleteIfExists (package:flutter_tools/src/base/error_handling_io.dart:90:14)
#6      FlutterBuildSystem.trackSharedBuildDirectory (package:flutter_tools/src/build_system/build_system.dart:839:33)
#7      FlutterBuildSystem.build (package:flutter_tools/src/build_system/build_system.dart:713:5)
<asynchronous suspension>
#8      AssembleCommand.runCommand (package:flutter_tools/src/commands/assemble.dart:365:32)
<asynchronous suspension>
#9      FlutterCommand.run.<anonymous closure> (package:flutter_tools/src/runner/flutter_command.dart:1590:27)
<asynchronous suspension>
#10     AppContext.run.<anonymous closure> (package:flutter_tools/src/base/context.dart:154:19)
<asynchronous suspension>
#11     CommandRunner.runCommand (package:args/command_runner.dart:212:13)
<asynchronous suspension>
#12     FlutterCommandRunner.runCommand.<anonymous closure> (package:flutter_tools/src/runner/flutter_command_runner.dart:496:9)
<asynchronous suspension>
#13     AppContext.run.<anonymous closure> (package:flutter_tools/src/base/context.dart:154:19)
<asynchronous suspension>
#14     FlutterCommandRunner.runCommand (package:flutter_tools/src/runner/flutter_command_runner.dart:431:5)
<asynchronous suspension>
#15     FlutterCommandRunner.run.<anonymous closure> (package:flutter_tools/src/runner/flutter_command_runner.dart:307:33)
<asynchronous suspension>
#16     run.<anonymous closure>.<anonymous closure> (package:flutter_tools/runner.dart:104:11)
<asynchronous suspension>
#17     AppContext.run.<anonymous closure> (package:flutter_tools/src/base/context.dart:154:19)
<asynchronous suspension>
#18     main (package:flutter_tools/executable.dart:103:3)
<asynchronous suspension>
```

## flutter doctor

```
[✓] Flutter (Channel stable, 3.41.5, on Microsoft Windows [Version 10.0.26100.8037], locale ru-RU) [466ms]
    • Flutter version 3.41.5 on channel stable at C:\Users\Pnevka\Desktop\flutter
    • Upstream repository https://github.com/flutter/flutter.git
    • Framework revision 2c9eb20739 (6 days ago), 2026-03-17 16:14:01 -0700
    • Engine revision 052f31d115
    • Dart version 3.11.3
    • DevTools version 2.54.2
    • Feature flags: enable-web, enable-linux-desktop, enable-macos-desktop, enable-windows-desktop, enable-android, enable-ios, cli-animations, enable-native-assets, omit-legacy-version-file, enable-lldb-debugging, enable-uiscene-migration

[✓] Windows Version (Windows 11 or higher, 24H2, 2009) [4,6s]

[✗] Android toolchain - develop for Android devices [236ms]
    ✗ Unable to locate Android SDK.
      Install Android Studio from: https://developer.android.com/studio/index.html
      On first launch it will assist you in installing the Android SDK components.
      (or visit https://flutter.dev/to/windows-android-setup for detailed instructions).
      If the Android SDK has been installed to a custom location, please use
      `flutter config --android-sdk` to update to that location.


[✗] Chrome - develop for the web (Cannot find Chrome executable at .\Google\Chrome\Application\chrome.exe) [211ms]
    ! Cannot find Chrome. Try setting CHROME_EXECUTABLE to a Chrome executable.

[✓] Visual Studio - develop Windows apps (Visual Studio Community 2026 18.4.1) [208ms]
    • Visual Studio at C:\Program Files\Microsoft Visual Studio\18\Community
    • Visual Studio Community 2026 version 18.4.11612.150
    • Windows 10 SDK version 10.0.26100.0

[✓] Connected device (2 available) [182ms]
    • Windows (desktop) • windows • windows-x64    • Microsoft Windows [Version 10.0.26100.8037]
    • Edge (web)        • edge    • web-javascript • Microsoft Edge 146.0.3856.72

[✓] Network resources [766ms]
    • All expected network resources are available.

! Doctor found issues in 2 categories.
```
